f:\ifefsr\sphinx5\sphinxtrain\win32\msdev\programs\bw\debug\vc120.pdb
f:\ifefsr\sphinx5\sphinxtrain\win32\msdev\programs\bw\debug\vc120.idb
f:\ifefsr\sphinx5\sphinxtrain\win32\msdev\programs\bw\debug\accum.obj
f:\ifefsr\sphinx5\sphinxtrain\win32\msdev\programs\bw\debug\backward.obj
f:\ifefsr\sphinx5\sphinxtrain\win32\msdev\programs\bw\debug\baum_welch.obj
f:\ifefsr\sphinx5\sphinxtrain\win32\msdev\programs\bw\debug\forward.obj
f:\ifefsr\sphinx5\sphinxtrain\win32\msdev\programs\bw\debug\main.obj
f:\ifefsr\sphinx5\sphinxtrain\win32\msdev\programs\bw\debug\next_utt_states.obj
f:\ifefsr\sphinx5\sphinxtrain\win32\msdev\programs\bw\debug\train_cmd_ln.obj
f:\ifefsr\sphinx5\sphinxtrain\win32\msdev\programs\bw\debug\viterbi.obj
f:\ifefsr\sphinx5\sphinxtrain\bin\debug\bw.ilk
f:\ifefsr\sphinx5\sphinxtrain\bin\debug\bw.exe
f:\ifefsr\sphinx5\sphinxtrain\bin\debug\bw.pdb
f:\ifefsr\sphinx5\sphinxtrain\win32\msdev\programs\bw\.\..\..\..\..\bin\debug\bw.exe
f:\ifefsr\sphinx5\sphinxtrain\win32\msdev\programs\bw\debug\bw.tlog\cl.command.1.tlog
f:\ifefsr\sphinx5\sphinxtrain\win32\msdev\programs\bw\debug\bw.tlog\cl.read.1.tlog
f:\ifefsr\sphinx5\sphinxtrain\win32\msdev\programs\bw\debug\bw.tlog\cl.write.1.tlog
f:\ifefsr\sphinx5\sphinxtrain\win32\msdev\programs\bw\debug\bw.tlog\link.command.1.tlog
f:\ifefsr\sphinx5\sphinxtrain\win32\msdev\programs\bw\debug\bw.tlog\link.read.1.tlog
f:\ifefsr\sphinx5\sphinxtrain\win32\msdev\programs\bw\debug\bw.tlog\link.write.1.tlog
