Build started 17/1/2559 17:47:08.
     1>Project "F:\IFEFSR\Sphinx5\sphinxtrain\win32\msdev\programs\bw\bw.vcxproj" on node 5 (Build target(s)).
     1>ClCompile:
         F:\Microsoft Visual Studio 12.0\VC\bin\CL.exe /c /I../../../../include /I..\..\..\..\..\sphinxbase\include\win32 /I..\..\..\..\..\sphinxbase\include /ZI /nologo /W3 /WX- /Od /Oy- /D _DEBUG /D _CONSOLE /D _CRT_SECURE_NO_WARNINGS /D _VC80_UPGRADE=0x0600 /D _MBCS /Gm /EHsc /RTC1 /MDd /GS /fp:precise /Zc:wchar_t /Zc:forScope /Fo".\Debug/" /Fd".\Debug/vc120.pdb" /Gd /TC /analyze- /errorReport:prompt ..\..\..\..\src\programs\bw\accum.c ..\..\..\..\src\programs\bw\backward.c ..\..\..\..\src\programs\bw\baum_welch.c ..\..\..\..\src\programs\bw\forward.c ..\..\..\..\src\programs\bw\main.c ..\..\..\..\src\programs\bw\next_utt_states.c ..\..\..\..\src\programs\bw\train_cmd_ln.c ..\..\..\..\src\programs\bw\viterbi.c
         viterbi.c
     1>f:\ifefsr\sphinx5\sphinxtrain\src\programs\bw\viterbi.c(654): warning C4018: '<' : signed/unsigned mismatch
     1>f:\ifefsr\sphinx5\sphinxtrain\src\programs\bw\viterbi.c(763): warning C4018: '<' : signed/unsigned mismatch
         train_cmd_ln.c
         next_utt_states.c
     1>f:\ifefsr\sphinx5\sphinxtrain\src\programs\bw\next_utt_states.c(76): warning C4013: 'str2words' undefined; assuming extern returning int
         main.c
     1>f:\ifefsr\sphinx5\sphinxtrain\src\programs\bw\main.c(279): warning C4244: '=' : conversion from 'double' to 'mfcc_t', possible loss of data
     1>f:\ifefsr\sphinx5\sphinxtrain\src\programs\bw\main.c(284): warning C4244: '=' : conversion from 'double' to 'mfcc_t', possible loss of data
     1>f:\ifefsr\sphinx5\sphinxtrain\src\programs\bw\main.c(780): warning C4018: '>' : signed/unsigned mismatch
     1>f:\ifefsr\sphinx5\sphinxtrain\src\programs\bw\main.c(1034): warning C4018: '<' : signed/unsigned mismatch
     1>f:\ifefsr\sphinx5\sphinxtrain\src\programs\bw\main.c(1043): warning C4018: '<' : signed/unsigned mismatch
     1>f:\ifefsr\sphinx5\sphinxtrain\src\programs\bw\main.c(1073): warning C4018: '<' : signed/unsigned mismatch
     1>f:\ifefsr\sphinx5\sphinxtrain\src\programs\bw\main.c(1092): warning C4018: '<' : signed/unsigned mismatch
     1>f:\ifefsr\sphinx5\sphinxtrain\src\programs\bw\main.c(1106): warning C4018: '<' : signed/unsigned mismatch
     1>f:\ifefsr\sphinx5\sphinxtrain\src\programs\bw\main.c(1691): warning C4018: '>' : signed/unsigned mismatch
         forward.c
         baum_welch.c
         backward.c
     1>f:\ifefsr\sphinx5\sphinxtrain\src\programs\bw\backward.c(611): warning C4244: '+=' : conversion from 'float64' to 'float32', possible loss of data
     1>f:\ifefsr\sphinx5\sphinxtrain\src\programs\bw\backward.c(833): warning C4244: '+=' : conversion from 'float64' to 'float32', possible loss of data
     1>f:\ifefsr\sphinx5\sphinxtrain\src\programs\bw\backward.c(1049): warning C4244: '+=' : conversion from 'float64' to 'float32', possible loss of data
         accum.c
     1>f:\ifefsr\sphinx5\sphinxtrain\src\programs\bw\accum.c(129): warning C4244: '+=' : conversion from 'float64' to 'float32', possible loss of data
     1>f:\ifefsr\sphinx5\sphinxtrain\src\programs\bw\accum.c(234): warning C4018: '<' : signed/unsigned mismatch
     1>f:\ifefsr\sphinx5\sphinxtrain\src\programs\bw\accum.c(776): warning C4996: 'unlink': The POSIX name for this item is deprecated. Instead, use the ISO C++ conformant name: _unlink. See online help for details.
                 f:\microsoft visual studio 12.0\vc\include\stdio.h(278) : see declaration of 'unlink'
     1>f:\ifefsr\sphinx5\sphinxtrain\src\programs\bw\accum.c(781): warning C4996: 'unlink': The POSIX name for this item is deprecated. Instead, use the ISO C++ conformant name: _unlink. See online help for details.
                 f:\microsoft visual studio 12.0\vc\include\stdio.h(278) : see declaration of 'unlink'
     1>f:\ifefsr\sphinx5\sphinxtrain\src\programs\bw\accum.c(787): warning C4996: 'unlink': The POSIX name for this item is deprecated. Instead, use the ISO C++ conformant name: _unlink. See online help for details.
                 f:\microsoft visual studio 12.0\vc\include\stdio.h(278) : see declaration of 'unlink'
     1>f:\ifefsr\sphinx5\sphinxtrain\src\programs\bw\accum.c(807): warning C4996: 'unlink': The POSIX name for this item is deprecated. Instead, use the ISO C++ conformant name: _unlink. See online help for details.
                 f:\microsoft visual studio 12.0\vc\include\stdio.h(278) : see declaration of 'unlink'
     1>f:\ifefsr\sphinx5\sphinxtrain\src\programs\bw\accum.c(1026): warning C4244: '=' : conversion from 'double' to 'float32', possible loss of data
         Generating Code...
       Link:
         F:\Microsoft Visual Studio 12.0\VC\bin\link.exe /ERRORREPORT:PROMPT /OUT:".\..\..\..\..\bin\Debug/bw.exe" /INCREMENTAL /NOLOGO /LIBPATH:..\..\..\..\..\sphinxbase\bin\Debug sphinxbase.lib kernel32.lib user32.lib gdi32.lib winspool.lib comdlg32.lib advapi32.lib shell32.lib ole32.lib oleaut32.lib uuid.lib odbc32.lib odbccp32.lib /MANIFEST /MANIFESTUAC:"level='asInvoker' uiAccess='false'" /manifest:embed /DEBUG /PDB:".\..\..\..\..\bin\Debug/bw.pdb" /SUBSYSTEM:CONSOLE /TLBID:1 /DYNAMICBASE /NXCOMPAT /IMPLIB:".\..\..\..\..\bin\Debug\bw.lib" /MACHINE:X86 /SAFESEH .\Debug/accum.obj
         .\Debug/backward.obj
         .\Debug/baum_welch.obj
         .\Debug/forward.obj
         .\Debug/main.obj
         .\Debug/next_utt_states.obj
         .\Debug/train_cmd_ln.obj
         .\Debug/viterbi.obj
         F:\IFEFSR\Sphinx5\sphinxtrain\lib\Debug\libclust.lib
         F:\IFEFSR\Sphinx5\sphinxtrain\lib\Debug\libcommon.lib
         F:\IFEFSR\Sphinx5\sphinxtrain\lib\Debug\libio.lib
         F:\IFEFSR\Sphinx5\sphinxtrain\lib\Debug\libmllr.lib
         F:\IFEFSR\Sphinx5\sphinxtrain\lib\Debug\libmodinv.lib
     1>accum.obj : warning LNK4075: ignoring '/EDITANDCONTINUE' due to '/SAFESEH' specification
         bw.vcxproj -> F:\IFEFSR\Sphinx5\sphinxtrain\win32\msdev\programs\bw\.\..\..\..\..\bin\Debug\bw.exe
     1>Done Building Project "F:\IFEFSR\Sphinx5\sphinxtrain\win32\msdev\programs\bw\bw.vcxproj" (Build target(s)).

Build succeeded.

Time Elapsed 00:00:02.18
