f:\ifefsr\sphinx5\pocketsphinx\win32\pocketsphinx\debug\vc120.pdb
f:\ifefsr\sphinx5\pocketsphinx\win32\pocketsphinx\debug\vc120.idb
f:\ifefsr\sphinx5\pocketsphinx\win32\pocketsphinx\debug\fsg_lextree.obj
f:\ifefsr\sphinx5\pocketsphinx\win32\pocketsphinx\debug\fsg_search.obj
f:\ifefsr\sphinx5\pocketsphinx\win32\pocketsphinx\debug\hmm.obj
f:\ifefsr\sphinx5\pocketsphinx\win32\pocketsphinx\debug\kws_detections.obj
f:\ifefsr\sphinx5\pocketsphinx\win32\pocketsphinx\debug\kws_search.obj
f:\ifefsr\sphinx5\pocketsphinx\win32\pocketsphinx\debug\mdef.obj
f:\ifefsr\sphinx5\pocketsphinx\win32\pocketsphinx\debug\ms_gauden.obj
f:\ifefsr\sphinx5\pocketsphinx\win32\pocketsphinx\debug\ms_mgau.obj
f:\ifefsr\sphinx5\pocketsphinx\win32\pocketsphinx\debug\ms_senone.obj
f:\ifefsr\sphinx5\pocketsphinx\win32\pocketsphinx\debug\ngram_search.obj
f:\ifefsr\sphinx5\pocketsphinx\win32\pocketsphinx\debug\ngram_search_fwdflat.obj
f:\ifefsr\sphinx5\pocketsphinx\win32\pocketsphinx\debug\ngram_search_fwdtree.obj
f:\ifefsr\sphinx5\pocketsphinx\win32\pocketsphinx\debug\phone_loop_search.obj
f:\ifefsr\sphinx5\pocketsphinx\win32\pocketsphinx\debug\pocketsphinx.obj
f:\ifefsr\sphinx5\pocketsphinx\win32\pocketsphinx\debug\ps_lattice.obj
f:\ifefsr\sphinx5\pocketsphinx\win32\pocketsphinx\debug\ps_mllr.obj
f:\ifefsr\sphinx5\pocketsphinx\win32\pocketsphinx\debug\ptm_mgau.obj
f:\ifefsr\sphinx5\pocketsphinx\win32\pocketsphinx\debug\s2_semi_mgau.obj
f:\ifefsr\sphinx5\pocketsphinx\win32\pocketsphinx\debug\tmat.obj
f:\ifefsr\sphinx5\pocketsphinx\win32\pocketsphinx\debug\vector.obj
f:\ifefsr\sphinx5\pocketsphinx\win32\pocketsphinx\debug\acmod.obj
f:\ifefsr\sphinx5\pocketsphinx\win32\pocketsphinx\debug\allphone_search.obj
f:\ifefsr\sphinx5\pocketsphinx\win32\pocketsphinx\debug\bin_mdef.obj
f:\ifefsr\sphinx5\pocketsphinx\win32\pocketsphinx\debug\blkarray_list.obj
f:\ifefsr\sphinx5\pocketsphinx\win32\pocketsphinx\debug\dict.obj
f:\ifefsr\sphinx5\pocketsphinx\win32\pocketsphinx\debug\dict2pid.obj
f:\ifefsr\sphinx5\pocketsphinx\win32\pocketsphinx\debug\fsg_history.obj
f:\ifefsr\sphinx5\pocketsphinx\bin\debug\pocketsphinx.ilk
f:\ifefsr\sphinx5\pocketsphinx\bin\debug\pocketsphinx.dll
f:\ifefsr\sphinx5\pocketsphinx\bin\debug\pocketsphinx.pdb
f:\ifefsr\sphinx5\pocketsphinx\bin\debug\pocketsphinx.lib
f:\ifefsr\sphinx5\pocketsphinx\bin\debug\pocketsphinx.exp
f:\ifefsr\sphinx5\pocketsphinx\\bin\debug\pocketsphinx.pdb
f:\ifefsr\sphinx5\pocketsphinx\\bin\debug\pocketsphinx.dll
f:\ifefsr\sphinx5\pocketsphinx\\bin\debug\pocketsphinx.ilk
f:\ifefsr\sphinx5\pocketsphinx\win32\pocketsphinx\debug\pocketsphinx.tlog\cl.command.1.tlog
f:\ifefsr\sphinx5\pocketsphinx\win32\pocketsphinx\debug\pocketsphinx.tlog\cl.read.1.tlog
f:\ifefsr\sphinx5\pocketsphinx\win32\pocketsphinx\debug\pocketsphinx.tlog\cl.write.1.tlog
f:\ifefsr\sphinx5\pocketsphinx\win32\pocketsphinx\debug\pocketsphinx.tlog\link.command.1.tlog
f:\ifefsr\sphinx5\pocketsphinx\win32\pocketsphinx\debug\pocketsphinx.tlog\link.read.1.tlog
f:\ifefsr\sphinx5\pocketsphinx\win32\pocketsphinx\debug\pocketsphinx.tlog\link.write.1.tlog
f:\ifefsr\sphinx5\pocketsphinx\win32\pocketsphinx\debug\pocketsphinx.tlog\pocketsphinx.write.1u.tlog
