Build started 17/1/2559 17:45:20.
     1>Project "F:\IFEFSR\Sphinx5\sphinxtrain\win32\msdev\libs\libio\libio.vcxproj" on node 2 (Build target(s)).
     1>Lib:
         F:\Microsoft Visual Studio 12.0\VC\bin\Lib.exe /OUT:".\..\..\..\..\lib\Release\libio.lib" sphinxbase.lib /LIBPATH:..\..\..\..\..\sphinxbase\bin\Release /NOLOGO .\Release/corpus.obj
         .\Release/model_def_io.obj
         .\Release/pset_io.obj
         .\Release/s3acc_io.obj
         .\Release/s3cb2mllr_io.obj
         .\Release/s3gau_full_io.obj
         .\Release/s3gau_io.obj
         .\Release/s3io.obj
         .\Release/s3lamb_io.obj
         .\Release/s3map_io.obj
         .\Release/s3mixw_io.obj
         .\Release/s3phseg_io.obj
         .\Release/s3tmat_io.obj
         .\Release/s3ts2cb_io.obj
         .\Release/segdmp.obj
         .\Release/swap.obj
         .\Release/topo_read.obj
         libio.vcxproj -> F:\IFEFSR\Sphinx5\sphinxtrain\win32\msdev\libs\libio\.\..\..\..\..\lib\Release\libio.lib
     1>Done Building Project "F:\IFEFSR\Sphinx5\sphinxtrain\win32\msdev\libs\libio\libio.vcxproj" (Build target(s)).

Build succeeded.

Time Elapsed 00:00:00.10
