f:\ifefsr\sphinx5\sphinxtrain\win32\msdev\libs\libio\release\vc120.pdb
f:\ifefsr\sphinx5\sphinxtrain\win32\msdev\libs\libio\release\topo_read.obj
f:\ifefsr\sphinx5\sphinxtrain\win32\msdev\libs\libio\release\swap.obj
f:\ifefsr\sphinx5\sphinxtrain\win32\msdev\libs\libio\release\segdmp.obj
f:\ifefsr\sphinx5\sphinxtrain\win32\msdev\libs\libio\release\s3ts2cb_io.obj
f:\ifefsr\sphinx5\sphinxtrain\win32\msdev\libs\libio\release\s3tmat_io.obj
f:\ifefsr\sphinx5\sphinxtrain\win32\msdev\libs\libio\release\s3phseg_io.obj
f:\ifefsr\sphinx5\sphinxtrain\win32\msdev\libs\libio\release\s3mixw_io.obj
f:\ifefsr\sphinx5\sphinxtrain\win32\msdev\libs\libio\release\s3map_io.obj
f:\ifefsr\sphinx5\sphinxtrain\win32\msdev\libs\libio\release\s3lamb_io.obj
f:\ifefsr\sphinx5\sphinxtrain\win32\msdev\libs\libio\release\s3io.obj
f:\ifefsr\sphinx5\sphinxtrain\win32\msdev\libs\libio\release\s3gau_io.obj
f:\ifefsr\sphinx5\sphinxtrain\win32\msdev\libs\libio\release\s3gau_full_io.obj
f:\ifefsr\sphinx5\sphinxtrain\win32\msdev\libs\libio\release\s3cb2mllr_io.obj
f:\ifefsr\sphinx5\sphinxtrain\win32\msdev\libs\libio\release\s3acc_io.obj
f:\ifefsr\sphinx5\sphinxtrain\win32\msdev\libs\libio\release\pset_io.obj
f:\ifefsr\sphinx5\sphinxtrain\win32\msdev\libs\libio\release\model_def_io.obj
f:\ifefsr\sphinx5\sphinxtrain\win32\msdev\libs\libio\release\corpus.obj
f:\ifefsr\sphinx5\sphinxtrain\lib\release\libio.lib
f:\ifefsr\sphinx5\sphinxtrain\win32\msdev\libs\libio\.\..\..\..\..\lib\release\libio.lib
f:\ifefsr\sphinx5\sphinxtrain\win32\msdev\libs\libio\release\libio.tlog\cl.command.1.tlog
f:\ifefsr\sphinx5\sphinxtrain\win32\msdev\libs\libio\release\libio.tlog\cl.read.1.tlog
f:\ifefsr\sphinx5\sphinxtrain\win32\msdev\libs\libio\release\libio.tlog\cl.write.1.tlog
f:\ifefsr\sphinx5\sphinxtrain\win32\msdev\libs\libio\release\libio.tlog\lib-link.read.1.tlog
f:\ifefsr\sphinx5\sphinxtrain\win32\msdev\libs\libio\release\libio.tlog\lib-link.write.1.tlog
f:\ifefsr\sphinx5\sphinxtrain\win32\msdev\libs\libio\release\libio.tlog\lib.command.1.tlog
