Build started 17/1/2559 17:46:59.
     1>Project "F:\IFEFSR\Sphinx5\sphinxtrain\win32\msdev\libs\libclust\libclust.vcxproj" on node 2 (Build target(s)).
     1>ClCompile:
         F:\Microsoft Visual Studio 12.0\VC\bin\CL.exe /c /I..\..\..\..\include /I..\..\..\..\..\sphinxbase\include\win32 /I..\..\..\..\..\sphinxbase\include /ZI /nologo /W3 /WX- /Od /Oy- /D _DEBUG /D _LIB /D _CRT_SECURE_NO_WARNINGS /D _VC80_UPGRADE=0x0600 /D _MBCS /Gm /EHsc /RTC1 /MDd /GS /fp:precise /Zc:wchar_t /Zc:forScope /Fo".\Debug/" /Fd".\Debug/vc120.pdb" /Gd /TC /analyze- /errorReport:prompt ..\..\..\..\src\libs\libclust\div.c ..\..\..\..\src\libs\libclust\kdtree.c ..\..\..\..\src\libs\libclust\kmeans.c ..\..\..\..\src\libs\libclust\metric.c
         metric.c
         kmeans.c
     1>f:\ifefsr\sphinx5\sphinxtrain\src\libs\libclust\kmeans.c(95): warning C4244: '=' : conversion from 'float64' to 'float32', possible loss of data
     1>f:\ifefsr\sphinx5\sphinxtrain\src\libs\libclust\kmeans.c(107): warning C4244: '=' : conversion from 'float64' to 'float32', possible loss of data
     1>f:\ifefsr\sphinx5\sphinxtrain\src\libs\libclust\kmeans.c(148): warning C4244: '=' : conversion from 'float64' to 'float32', possible loss of data
     1>f:\ifefsr\sphinx5\sphinxtrain\src\libs\libclust\kmeans.c(164): warning C4244: '=' : conversion from 'float64' to 'float32', possible loss of data
     1>f:\ifefsr\sphinx5\sphinxtrain\src\libs\libclust\kmeans.c(611): warning C4244: '=' : conversion from 'float64' to 'float32', possible loss of data
     1>f:\ifefsr\sphinx5\sphinxtrain\src\libs\libclust\kmeans.c(621): warning C4244: '=' : conversion from 'float64' to 'float32', possible loss of data
         kdtree.c
     1>f:\ifefsr\sphinx5\sphinxtrain\src\libs\libclust\kdtree.c(82): warning C4018: '<' : signed/unsigned mismatch
     1>f:\ifefsr\sphinx5\sphinxtrain\src\libs\libclust\kdtree.c(83): warning C4244: 'initializing' : conversion from 'double' to 'float32', possible loss of data
     1>f:\ifefsr\sphinx5\sphinxtrain\src\libs\libclust\kdtree.c(85): warning C4018: '<' : signed/unsigned mismatch
     1>f:\ifefsr\sphinx5\sphinxtrain\src\libs\libclust\kdtree.c(86): warning C4244: '+=' : conversion from 'double' to 'float32', possible loss of data
     1>f:\ifefsr\sphinx5\sphinxtrain\src\libs\libclust\kdtree.c(87): warning C4018: '<' : signed/unsigned mismatch
     1>f:\ifefsr\sphinx5\sphinxtrain\src\libs\libclust\kdtree.c(89): warning C4244: '=' : conversion from 'double' to 'float32', possible loss of data
     1>f:\ifefsr\sphinx5\sphinxtrain\src\libs\libclust\kdtree.c(93): warning C4018: '<' : signed/unsigned mismatch
     1>f:\ifefsr\sphinx5\sphinxtrain\src\libs\libclust\kdtree.c(94): warning C4018: '<' : signed/unsigned mismatch
     1>f:\ifefsr\sphinx5\sphinxtrain\src\libs\libclust\kdtree.c(96): warning C4244: '=' : conversion from 'double' to 'float32', possible loss of data
     1>f:\ifefsr\sphinx5\sphinxtrain\src\libs\libclust\kdtree.c(104): warning C4018: '<' : signed/unsigned mismatch
     1>f:\ifefsr\sphinx5\sphinxtrain\src\libs\libclust\kdtree.c(106): warning C4305: '=' : truncation from 'double' to 'float'
     1>f:\ifefsr\sphinx5\sphinxtrain\src\libs\libclust\kdtree.c(107): warning C4056: overflow in floating-point constant arithmetic
     1>f:\ifefsr\sphinx5\sphinxtrain\src\libs\libclust\kdtree.c(110): warning C4018: '<' : signed/unsigned mismatch
     1>f:\ifefsr\sphinx5\sphinxtrain\src\libs\libclust\kdtree.c(111): warning C4018: '<' : signed/unsigned mismatch
     1>f:\ifefsr\sphinx5\sphinxtrain\src\libs\libclust\kdtree.c(144): warning C4018: '<' : signed/unsigned mismatch
     1>f:\ifefsr\sphinx5\sphinxtrain\src\libs\libclust\kdtree.c(148): warning C4018: '<' : signed/unsigned mismatch
     1>f:\ifefsr\sphinx5\sphinxtrain\src\libs\libclust\kdtree.c(154): warning C4018: '<' : signed/unsigned mismatch
     1>f:\ifefsr\sphinx5\sphinxtrain\src\libs\libclust\kdtree.c(155): warning C4018: '<' : signed/unsigned mismatch
     1>f:\ifefsr\sphinx5\sphinxtrain\src\libs\libclust\kdtree.c(173): warning C4018: '<' : signed/unsigned mismatch
     1>f:\ifefsr\sphinx5\sphinxtrain\src\libs\libclust\kdtree.c(184): warning C4018: '<' : signed/unsigned mismatch
     1>f:\ifefsr\sphinx5\sphinxtrain\src\libs\libclust\kdtree.c(189): warning C4018: '<' : signed/unsigned mismatch
     1>f:\ifefsr\sphinx5\sphinxtrain\src\libs\libclust\kdtree.c(217): warning C4018: '<' : signed/unsigned mismatch
     1>f:\ifefsr\sphinx5\sphinxtrain\src\libs\libclust\kdtree.c(303): warning C4018: '<' : signed/unsigned mismatch
     1>f:\ifefsr\sphinx5\sphinxtrain\src\libs\libclust\kdtree.c(312): warning C4018: '<' : signed/unsigned mismatch
     1>f:\ifefsr\sphinx5\sphinxtrain\src\libs\libclust\kdtree.c(314): warning C4018: '<' : signed/unsigned mismatch
         div.c
         Generating Code...
     1>f:\ifefsr\sphinx5\sphinxtrain\src\libs\libclust\kdtree.c(107): warning C4756: overflow in constant arithmetic
     1>f:\ifefsr\sphinx5\sphinxtrain\src\libs\libclust\kdtree.c(107): warning C4756: overflow in constant arithmetic
       Lib:
         F:\Microsoft Visual Studio 12.0\VC\bin\Lib.exe /OUT:".\..\..\..\..\lib\Debug\libclust.lib" /NOLOGO .\Debug/div.obj
         .\Debug/kdtree.obj
         .\Debug/kmeans.obj
         .\Debug/metric.obj
         libclust.vcxproj -> F:\IFEFSR\Sphinx5\sphinxtrain\win32\msdev\libs\libclust\.\..\..\..\..\lib\Debug\libclust.lib
     1>Done Building Project "F:\IFEFSR\Sphinx5\sphinxtrain\win32\msdev\libs\libclust\libclust.vcxproj" (Build target(s)).

Build succeeded.

Time Elapsed 00:00:00.73
