f:\ifefsr\sphinx5\sphinxbase\win32\sphinxbase\debug\vc120.pdb
f:\ifefsr\sphinx5\sphinxbase\win32\sphinxbase\debug\vc120.idb
f:\ifefsr\sphinx5\sphinxbase\win32\sphinxbase\debug\cmd_ln.obj
f:\ifefsr\sphinx5\sphinxbase\win32\sphinxbase\debug\dtoa.obj
f:\ifefsr\sphinx5\sphinxbase\win32\sphinxbase\debug\err.obj
f:\ifefsr\sphinx5\sphinxbase\win32\sphinxbase\debug\f2c_lite.obj
f:\ifefsr\sphinx5\sphinxbase\win32\sphinxbase\debug\filename.obj
f:\ifefsr\sphinx5\sphinxbase\win32\sphinxbase\debug\genrand.obj
f:\ifefsr\sphinx5\sphinxbase\win32\sphinxbase\debug\glist.obj
f:\ifefsr\sphinx5\sphinxbase\win32\sphinxbase\debug\hash_table.obj
f:\ifefsr\sphinx5\sphinxbase\win32\sphinxbase\debug\heap.obj
f:\ifefsr\sphinx5\sphinxbase\win32\sphinxbase\debug\huff_code.obj
f:\ifefsr\sphinx5\sphinxbase\win32\sphinxbase\debug\listelem_alloc.obj
f:\ifefsr\sphinx5\sphinxbase\win32\sphinxbase\debug\logmath.obj
f:\ifefsr\sphinx5\sphinxbase\win32\sphinxbase\debug\matrix.obj
f:\ifefsr\sphinx5\sphinxbase\win32\sphinxbase\debug\mmio.obj
f:\ifefsr\sphinx5\sphinxbase\win32\sphinxbase\debug\pio.obj
f:\ifefsr\sphinx5\sphinxbase\win32\sphinxbase\debug\profile.obj
f:\ifefsr\sphinx5\sphinxbase\win32\sphinxbase\debug\sbthread.obj
f:\ifefsr\sphinx5\sphinxbase\win32\sphinxbase\debug\slamch.obj
f:\ifefsr\sphinx5\sphinxbase\win32\sphinxbase\debug\slapack_lite.obj
f:\ifefsr\sphinx5\sphinxbase\win32\sphinxbase\debug\strfuncs.obj
f:\ifefsr\sphinx5\sphinxbase\win32\sphinxbase\debug\fe_warp.obj
f:\ifefsr\sphinx5\sphinxbase\win32\sphinxbase\debug\fe_warp_inverse_linear.obj
f:\ifefsr\sphinx5\sphinxbase\win32\sphinxbase\debug\fe_warp_piecewise_linear.obj
f:\ifefsr\sphinx5\sphinxbase\win32\sphinxbase\debug\fixlog.obj
f:\ifefsr\sphinx5\sphinxbase\win32\sphinxbase\debug\yin.obj
f:\ifefsr\sphinx5\sphinxbase\win32\sphinxbase\debug\fsg_model.obj
f:\ifefsr\sphinx5\sphinxbase\win32\sphinxbase\debug\jsgf.obj
f:\ifefsr\sphinx5\sphinxbase\win32\sphinxbase\debug\jsgf_parser.obj
f:\ifefsr\sphinx5\sphinxbase\win32\sphinxbase\debug\jsgf_scanner.obj
f:\ifefsr\sphinx5\sphinxbase\win32\sphinxbase\debug\lm3g_model.obj
f:\ifefsr\sphinx5\sphinxbase\win32\sphinxbase\debug\ngram_model_arpa.obj
f:\ifefsr\sphinx5\sphinxbase\win32\sphinxbase\debug\ngram_model.obj
f:\ifefsr\sphinx5\sphinxbase\win32\sphinxbase\debug\ngram_model_dmp32.obj
f:\ifefsr\sphinx5\sphinxbase\win32\sphinxbase\debug\ngram_model_dmp.obj
f:\ifefsr\sphinx5\sphinxbase\win32\sphinxbase\debug\ngram_model_set.obj
f:\ifefsr\sphinx5\sphinxbase\win32\sphinxbase\debug\bio.obj
f:\ifefsr\sphinx5\sphinxbase\win32\sphinxbase\debug\bitvec.obj
f:\ifefsr\sphinx5\sphinxbase\win32\sphinxbase\debug\blas_lite.obj
f:\ifefsr\sphinx5\sphinxbase\win32\sphinxbase\debug\case.obj
f:\ifefsr\sphinx5\sphinxbase\win32\sphinxbase\debug\ckd_alloc.obj
f:\ifefsr\sphinx5\sphinxbase\win32\sphinxbase\debug\ad_win32.obj
f:\ifefsr\sphinx5\sphinxbase\win32\sphinxbase\debug\agc.obj
f:\ifefsr\sphinx5\sphinxbase\win32\sphinxbase\debug\cmn.obj
f:\ifefsr\sphinx5\sphinxbase\win32\sphinxbase\debug\cmn_prior.obj
f:\ifefsr\sphinx5\sphinxbase\win32\sphinxbase\debug\feat.obj
f:\ifefsr\sphinx5\sphinxbase\win32\sphinxbase\debug\lda.obj
f:\ifefsr\sphinx5\sphinxbase\win32\sphinxbase\debug\fe_interface.obj
f:\ifefsr\sphinx5\sphinxbase\win32\sphinxbase\debug\fe_noise.obj
f:\ifefsr\sphinx5\sphinxbase\win32\sphinxbase\debug\fe_prespch_buf.obj
f:\ifefsr\sphinx5\sphinxbase\win32\sphinxbase\debug\fe_sigproc.obj
f:\ifefsr\sphinx5\sphinxbase\win32\sphinxbase\debug\fe_warp_affine.obj
f:\ifefsr\sphinx5\sphinxbase\bin\debug\sphinxbase.ilk
f:\ifefsr\sphinx5\sphinxbase\bin\debug\sphinxbase.dll
f:\ifefsr\sphinx5\sphinxbase\bin\debug\sphinxbase.pdb
f:\ifefsr\sphinx5\sphinxbase\bin\debug\sphinxbase.lib
f:\ifefsr\sphinx5\sphinxbase\bin\debug\sphinxbase.exp
f:\ifefsr\sphinx5\sphinxbase\\bin\debug\sphinxbase.pdb
f:\ifefsr\sphinx5\sphinxbase\\bin\debug\sphinxbase.dll
f:\ifefsr\sphinx5\sphinxbase\\bin\debug\sphinxbase.ilk
f:\ifefsr\sphinx5\sphinxbase\win32\sphinxbase\debug\sphinxbase.tlog\cl.command.1.tlog
f:\ifefsr\sphinx5\sphinxbase\win32\sphinxbase\debug\sphinxbase.tlog\cl.read.1.tlog
f:\ifefsr\sphinx5\sphinxbase\win32\sphinxbase\debug\sphinxbase.tlog\cl.write.1.tlog
f:\ifefsr\sphinx5\sphinxbase\win32\sphinxbase\debug\sphinxbase.tlog\link.command.1.tlog
f:\ifefsr\sphinx5\sphinxbase\win32\sphinxbase\debug\sphinxbase.tlog\link.read.1.tlog
f:\ifefsr\sphinx5\sphinxbase\win32\sphinxbase\debug\sphinxbase.tlog\link.write.1.tlog
f:\ifefsr\sphinx5\sphinxbase\win32\sphinxbase\debug\sphinxbase.tlog\sphinxbase.write.1u.tlog
