f:\ifefsr\sphinx5\sphinxtrain\win32\msdev\libs\libio\debug\vc120.pdb
f:\ifefsr\sphinx5\sphinxtrain\win32\msdev\libs\libio\debug\vc120.idb
f:\ifefsr\sphinx5\sphinxtrain\win32\msdev\libs\libio\debug\corpus.obj
f:\ifefsr\sphinx5\sphinxtrain\win32\msdev\libs\libio\debug\model_def_io.obj
f:\ifefsr\sphinx5\sphinxtrain\win32\msdev\libs\libio\debug\pset_io.obj
f:\ifefsr\sphinx5\sphinxtrain\win32\msdev\libs\libio\debug\s3acc_io.obj
f:\ifefsr\sphinx5\sphinxtrain\win32\msdev\libs\libio\debug\s3cb2mllr_io.obj
f:\ifefsr\sphinx5\sphinxtrain\win32\msdev\libs\libio\debug\s3gau_full_io.obj
f:\ifefsr\sphinx5\sphinxtrain\win32\msdev\libs\libio\debug\s3gau_io.obj
f:\ifefsr\sphinx5\sphinxtrain\win32\msdev\libs\libio\debug\s3io.obj
f:\ifefsr\sphinx5\sphinxtrain\win32\msdev\libs\libio\debug\s3lamb_io.obj
f:\ifefsr\sphinx5\sphinxtrain\win32\msdev\libs\libio\debug\s3map_io.obj
f:\ifefsr\sphinx5\sphinxtrain\win32\msdev\libs\libio\debug\s3mixw_io.obj
f:\ifefsr\sphinx5\sphinxtrain\win32\msdev\libs\libio\debug\s3phseg_io.obj
f:\ifefsr\sphinx5\sphinxtrain\win32\msdev\libs\libio\debug\s3tmat_io.obj
f:\ifefsr\sphinx5\sphinxtrain\win32\msdev\libs\libio\debug\s3ts2cb_io.obj
f:\ifefsr\sphinx5\sphinxtrain\win32\msdev\libs\libio\debug\segdmp.obj
f:\ifefsr\sphinx5\sphinxtrain\win32\msdev\libs\libio\debug\swap.obj
f:\ifefsr\sphinx5\sphinxtrain\win32\msdev\libs\libio\debug\topo_read.obj
f:\ifefsr\sphinx5\sphinxtrain\lib\debug\libio.lib
f:\ifefsr\sphinx5\sphinxtrain\win32\msdev\libs\libio\.\..\..\..\..\lib\debug\libio.lib
f:\ifefsr\sphinx5\sphinxtrain\win32\msdev\libs\libio\debug\libio.tlog\cl.command.1.tlog
f:\ifefsr\sphinx5\sphinxtrain\win32\msdev\libs\libio\debug\libio.tlog\cl.read.1.tlog
f:\ifefsr\sphinx5\sphinxtrain\win32\msdev\libs\libio\debug\libio.tlog\cl.write.1.tlog
f:\ifefsr\sphinx5\sphinxtrain\win32\msdev\libs\libio\debug\libio.tlog\lib-link.read.1.tlog
f:\ifefsr\sphinx5\sphinxtrain\win32\msdev\libs\libio\debug\libio.tlog\lib-link.write.1.tlog
f:\ifefsr\sphinx5\sphinxtrain\win32\msdev\libs\libio\debug\libio.tlog\lib.command.1.tlog
