Build started 17/1/2559 17:45:23.
     1>Project "F:\IFEFSR\Sphinx5\sphinxtrain\win32\msdev\programs\agg_seg\agg_seg.vcxproj" on node 2 (Build target(s)).
     1>Link:
         F:\Microsoft Visual Studio 12.0\VC\bin\link.exe /ERRORREPORT:PROMPT /OUT:".\..\..\..\..\bin\Release/agg_seg.exe" /INCREMENTAL:NO /NOLOGO /LIBPATH:..\..\..\..\..\sphinxbase\bin\Release sphinxbase.lib kernel32.lib user32.lib gdi32.lib winspool.lib comdlg32.lib advapi32.lib shell32.lib ole32.lib oleaut32.lib uuid.lib odbc32.lib odbccp32.lib /MANIFEST /MANIFESTUAC:"level='asInvoker' uiAccess='false'" /manifest:embed /PDB:".\..\..\..\..\bin\Release/agg_seg.pdb" /SUBSYSTEM:CONSOLE /TLBID:1 /DYNAMICBASE /NXCOMPAT /IMPLIB:".\..\..\..\..\bin\Release\agg_seg.lib" /MACHINE:X86 /SAFESEH .\Release/agg_all_seg.obj
         .\Release/agg_phn_seg.obj
         .\Release/agg_st_seg.obj
         .\Release/cnt_phn_seg.obj
         .\Release/cnt_st_seg.obj
         .\Release/main.obj
         .\Release/mk_seg.obj
         .\Release/parse_cmd_ln.obj
         F:\IFEFSR\Sphinx5\sphinxtrain\lib\Release\libclust.lib
         F:\IFEFSR\Sphinx5\sphinxtrain\lib\Release\libcommon.lib
         F:\IFEFSR\Sphinx5\sphinxtrain\lib\Release\libio.lib
         F:\IFEFSR\Sphinx5\sphinxtrain\lib\Release\libmllr.lib
         F:\IFEFSR\Sphinx5\sphinxtrain\lib\Release\libmodinv.lib
         agg_seg.vcxproj -> F:\IFEFSR\Sphinx5\sphinxtrain\win32\msdev\programs\agg_seg\.\..\..\..\..\bin\Release\agg_seg.exe
     1>Done Building Project "F:\IFEFSR\Sphinx5\sphinxtrain\win32\msdev\programs\agg_seg\agg_seg.vcxproj" (Build target(s)).

Build succeeded.

Time Elapsed 00:00:00.26
