f:\ifefsr\sphinx5\sphinxtrain\win32\msdev\programs\agg_seg\debug\vc120.pdb
f:\ifefsr\sphinx5\sphinxtrain\win32\msdev\programs\agg_seg\debug\vc120.idb
f:\ifefsr\sphinx5\sphinxtrain\win32\msdev\programs\agg_seg\debug\agg_all_seg.obj
f:\ifefsr\sphinx5\sphinxtrain\win32\msdev\programs\agg_seg\debug\agg_phn_seg.obj
f:\ifefsr\sphinx5\sphinxtrain\win32\msdev\programs\agg_seg\debug\agg_st_seg.obj
f:\ifefsr\sphinx5\sphinxtrain\win32\msdev\programs\agg_seg\debug\cnt_phn_seg.obj
f:\ifefsr\sphinx5\sphinxtrain\win32\msdev\programs\agg_seg\debug\cnt_st_seg.obj
f:\ifefsr\sphinx5\sphinxtrain\win32\msdev\programs\agg_seg\debug\main.obj
f:\ifefsr\sphinx5\sphinxtrain\win32\msdev\programs\agg_seg\debug\mk_seg.obj
f:\ifefsr\sphinx5\sphinxtrain\win32\msdev\programs\agg_seg\debug\parse_cmd_ln.obj
f:\ifefsr\sphinx5\sphinxtrain\bin\debug\agg_seg.ilk
f:\ifefsr\sphinx5\sphinxtrain\bin\debug\agg_seg.exe
f:\ifefsr\sphinx5\sphinxtrain\bin\debug\agg_seg.pdb
f:\ifefsr\sphinx5\sphinxtrain\win32\msdev\programs\agg_seg\.\..\..\..\..\bin\debug\agg_seg.exe
f:\ifefsr\sphinx5\sphinxtrain\win32\msdev\programs\agg_seg\debug\agg_seg.tlog\cl.command.1.tlog
f:\ifefsr\sphinx5\sphinxtrain\win32\msdev\programs\agg_seg\debug\agg_seg.tlog\cl.read.1.tlog
f:\ifefsr\sphinx5\sphinxtrain\win32\msdev\programs\agg_seg\debug\agg_seg.tlog\cl.write.1.tlog
f:\ifefsr\sphinx5\sphinxtrain\win32\msdev\programs\agg_seg\debug\agg_seg.tlog\link.command.1.tlog
f:\ifefsr\sphinx5\sphinxtrain\win32\msdev\programs\agg_seg\debug\agg_seg.tlog\link.read.1.tlog
f:\ifefsr\sphinx5\sphinxtrain\win32\msdev\programs\agg_seg\debug\agg_seg.tlog\link.write.1.tlog
