f:\ifefsr\sphinx5\sphinxtrain\win32\msdev\libs\libcommon\release\vc120.pdb
f:\ifefsr\sphinx5\sphinxtrain\win32\msdev\libs\libcommon\release\was_added.obj
f:\ifefsr\sphinx5\sphinxtrain\win32\msdev\libs\libcommon\release\vector.obj
f:\ifefsr\sphinx5\sphinxtrain\win32\msdev\libs\libcommon\release\ts2cb.obj
f:\ifefsr\sphinx5\sphinxtrain\win32\msdev\libs\libcommon\release\state_seq.obj
f:\ifefsr\sphinx5\sphinxtrain\win32\msdev\libs\libcommon\release\remap.obj
f:\ifefsr\sphinx5\sphinxtrain\win32\msdev\libs\libcommon\release\quest.obj
f:\ifefsr\sphinx5\sphinxtrain\win32\msdev\libs\libcommon\release\mk_ts2ci.obj
f:\ifefsr\sphinx5\sphinxtrain\win32\msdev\libs\libcommon\release\mk_trans_seq.obj
f:\ifefsr\sphinx5\sphinxtrain\win32\msdev\libs\libcommon\release\mk_sseq.obj
f:\ifefsr\sphinx5\sphinxtrain\win32\msdev\libs\libcommon\release\mk_phone_seq.obj
f:\ifefsr\sphinx5\sphinxtrain\win32\msdev\libs\libcommon\release\mk_phone_list.obj
f:\ifefsr\sphinx5\sphinxtrain\win32\msdev\libs\libcommon\release\lexicon.obj
f:\ifefsr\sphinx5\sphinxtrain\win32\msdev\libs\libcommon\release\itree.obj
f:\ifefsr\sphinx5\sphinxtrain\win32\msdev\libs\libcommon\release\heap.obj
f:\ifefsr\sphinx5\sphinxtrain\win32\msdev\libs\libcommon\release\dtree.obj
f:\ifefsr\sphinx5\sphinxtrain\win32\msdev\libs\libcommon\release\cvt2triphone.obj
f:\ifefsr\sphinx5\sphinxtrain\win32\msdev\libs\libcommon\release\ck_seg.obj
f:\ifefsr\sphinx5\sphinxtrain\win32\msdev\libs\libcommon\release\best_q.obj
f:\ifefsr\sphinx5\sphinxtrain\win32\msdev\libs\libcommon\release\acmod_set.obj
f:\ifefsr\sphinx5\sphinxtrain\lib\release\libcommon.lib
f:\ifefsr\sphinx5\sphinxtrain\win32\msdev\libs\libcommon\.\..\..\..\..\lib\release\libcommon.lib
f:\ifefsr\sphinx5\sphinxtrain\win32\msdev\libs\libcommon\release\libcommon.tlog\cl.command.1.tlog
f:\ifefsr\sphinx5\sphinxtrain\win32\msdev\libs\libcommon\release\libcommon.tlog\cl.read.1.tlog
f:\ifefsr\sphinx5\sphinxtrain\win32\msdev\libs\libcommon\release\libcommon.tlog\cl.write.1.tlog
f:\ifefsr\sphinx5\sphinxtrain\win32\msdev\libs\libcommon\release\libcommon.tlog\lib-link.read.1.tlog
f:\ifefsr\sphinx5\sphinxtrain\win32\msdev\libs\libcommon\release\libcommon.tlog\lib-link.write.1.tlog
f:\ifefsr\sphinx5\sphinxtrain\win32\msdev\libs\libcommon\release\libcommon.tlog\lib.command.1.tlog
