f:\ifefsr\sphinx5\sphinxtrain\win32\msdev\libs\libcommon\debug\vc120.pdb
f:\ifefsr\sphinx5\sphinxtrain\win32\msdev\libs\libcommon\debug\vc120.idb
f:\ifefsr\sphinx5\sphinxtrain\win32\msdev\libs\libcommon\debug\acmod_set.obj
f:\ifefsr\sphinx5\sphinxtrain\win32\msdev\libs\libcommon\debug\best_q.obj
f:\ifefsr\sphinx5\sphinxtrain\win32\msdev\libs\libcommon\debug\ck_seg.obj
f:\ifefsr\sphinx5\sphinxtrain\win32\msdev\libs\libcommon\debug\cvt2triphone.obj
f:\ifefsr\sphinx5\sphinxtrain\win32\msdev\libs\libcommon\debug\dtree.obj
f:\ifefsr\sphinx5\sphinxtrain\win32\msdev\libs\libcommon\debug\heap.obj
f:\ifefsr\sphinx5\sphinxtrain\win32\msdev\libs\libcommon\debug\itree.obj
f:\ifefsr\sphinx5\sphinxtrain\win32\msdev\libs\libcommon\debug\lexicon.obj
f:\ifefsr\sphinx5\sphinxtrain\win32\msdev\libs\libcommon\debug\mk_phone_list.obj
f:\ifefsr\sphinx5\sphinxtrain\win32\msdev\libs\libcommon\debug\mk_phone_seq.obj
f:\ifefsr\sphinx5\sphinxtrain\win32\msdev\libs\libcommon\debug\mk_sseq.obj
f:\ifefsr\sphinx5\sphinxtrain\win32\msdev\libs\libcommon\debug\mk_trans_seq.obj
f:\ifefsr\sphinx5\sphinxtrain\win32\msdev\libs\libcommon\debug\mk_ts2ci.obj
f:\ifefsr\sphinx5\sphinxtrain\win32\msdev\libs\libcommon\debug\quest.obj
f:\ifefsr\sphinx5\sphinxtrain\win32\msdev\libs\libcommon\debug\remap.obj
f:\ifefsr\sphinx5\sphinxtrain\win32\msdev\libs\libcommon\debug\state_seq.obj
f:\ifefsr\sphinx5\sphinxtrain\win32\msdev\libs\libcommon\debug\ts2cb.obj
f:\ifefsr\sphinx5\sphinxtrain\win32\msdev\libs\libcommon\debug\vector.obj
f:\ifefsr\sphinx5\sphinxtrain\win32\msdev\libs\libcommon\debug\was_added.obj
f:\ifefsr\sphinx5\sphinxtrain\lib\debug\libcommon.lib
f:\ifefsr\sphinx5\sphinxtrain\win32\msdev\libs\libcommon\.\..\..\..\..\lib\debug\libcommon.lib
f:\ifefsr\sphinx5\sphinxtrain\win32\msdev\libs\libcommon\debug\libcommon.tlog\cl.command.1.tlog
f:\ifefsr\sphinx5\sphinxtrain\win32\msdev\libs\libcommon\debug\libcommon.tlog\cl.read.1.tlog
f:\ifefsr\sphinx5\sphinxtrain\win32\msdev\libs\libcommon\debug\libcommon.tlog\cl.write.1.tlog
f:\ifefsr\sphinx5\sphinxtrain\win32\msdev\libs\libcommon\debug\libcommon.tlog\lib-link.read.1.tlog
f:\ifefsr\sphinx5\sphinxtrain\win32\msdev\libs\libcommon\debug\libcommon.tlog\lib-link.write.1.tlog
f:\ifefsr\sphinx5\sphinxtrain\win32\msdev\libs\libcommon\debug\libcommon.tlog\lib.command.1.tlog
