Build started 17/1/2559 17:46:59.
     1>Project "F:\IFEFSR\Sphinx5\sphinxtrain\win32\msdev\libs\libcommon\libcommon.vcxproj" on node 3 (Build target(s)).
     1>ClCompile:
         F:\Microsoft Visual Studio 12.0\VC\bin\CL.exe /c /I..\..\..\..\include /I..\..\..\..\..\sphinxbase\include\win32 /I..\..\..\..\..\sphinxbase\include /ZI /nologo /W3 /WX- /Od /Oy- /D _DEBUG /D _LIB /D _CRT_SECURE_NO_WARNINGS /D _VC80_UPGRADE=0x0600 /D _MBCS /Gm /EHsc /RTC1 /MDd /GS /fp:precise /Zc:wchar_t /Zc:forScope /Fo".\Debug/" /Fd".\Debug/vc120.pdb" /Gd /TC /analyze- /errorReport:prompt ..\..\..\..\src\libs\libcommon\acmod_set.c ..\..\..\..\src\libs\libcommon\best_q.c ..\..\..\..\src\libs\libcommon\ck_seg.c ..\..\..\..\src\libs\libcommon\cvt2triphone.c ..\..\..\..\src\libs\libcommon\dtree.c ..\..\..\..\src\libs\libcommon\heap.c ..\..\..\..\src\libs\libcommon\itree.c ..\..\..\..\src\libs\libcommon\lexicon.c ..\..\..\..\src\libs\libcommon\mk_phone_list.c ..\..\..\..\src\libs\libcommon\mk_phone_seq.c ..\..\..\..\src\libs\libcommon\mk_sseq.c ..\..\..\..\src\libs\libcommon\mk_trans_seq.c ..\..\..\..\src\libs\libcommon\mk_ts2ci.c ..\..\..\..\src\libs\libcommon\quest.c ..\..\..\..\src\libs\libcommon\remap.c ..\..\..\..\src\libs\libcommon\state_seq.c ..\..\..\..\src\libs\libcommon\ts2cb.c ..\..\..\..\src\libs\libcommon\vector.c ..\..\..\..\src\libs\libcommon\was_added.c
         was_added.c
         vector.c
     1>f:\ifefsr\sphinx5\sphinxtrain\src\libs\libcommon\vector.c(98): warning C4244: '/=' : conversion from 'float64' to 'float', possible loss of data
     1>f:\ifefsr\sphinx5\sphinxtrain\src\libs\libcommon\vector.c(119): warning C4244: '*=' : conversion from 'float64' to 'float32', possible loss of data
         ts2cb.c
         state_seq.c
         remap.c
     1>f:\ifefsr\sphinx5\sphinxtrain\src\libs\libcommon\remap.c(67): warning C4244: '=' : conversion from 'double' to 'uint32', possible loss of data
         quest.c
     1>f:\ifefsr\sphinx5\sphinxtrain\src\libs\libcommon\quest.c(492): warning C4018: '<' : signed/unsigned mismatch
     1>f:\ifefsr\sphinx5\sphinxtrain\src\libs\libcommon\quest.c(493): warning C4018: '<' : signed/unsigned mismatch
     1>f:\ifefsr\sphinx5\sphinxtrain\src\libs\libcommon\quest.c(517): warning C4018: '<' : signed/unsigned mismatch
     1>f:\ifefsr\sphinx5\sphinxtrain\src\libs\libcommon\quest.c(521): warning C4018: '<' : signed/unsigned mismatch
     1>f:\ifefsr\sphinx5\sphinxtrain\src\libs\libcommon\quest.c(638): warning C4018: '<' : signed/unsigned mismatch
     1>f:\ifefsr\sphinx5\sphinxtrain\src\libs\libcommon\quest.c(640): warning C4018: '<' : signed/unsigned mismatch
     1>f:\ifefsr\sphinx5\sphinxtrain\src\libs\libcommon\quest.c(641): warning C4018: '>' : signed/unsigned mismatch
         mk_ts2ci.c
         mk_trans_seq.c
         mk_sseq.c
         mk_phone_seq.c
     1>f:\ifefsr\sphinx5\sphinxtrain\src\libs\libcommon\mk_phone_seq.c(71): warning C4013: 'str2words' undefined; assuming extern returning int
         mk_phone_list.c
         lexicon.c
     1>f:\ifefsr\sphinx5\sphinxtrain\src\libs\libcommon\lexicon.c(185): warning C4996: 'strdup': The POSIX name for this item is deprecated. Instead, use the ISO C++ conformant name: _strdup. See online help for details.
                 f:\microsoft visual studio 12.0\vc\include\string.h(245) : see declaration of 'strdup'
     1>f:\ifefsr\sphinx5\sphinxtrain\src\libs\libcommon\lexicon.c(202): warning C4013: 'str2words' undefined; assuming extern returning int
         itree.c
         heap.c
         dtree.c
     1>f:\ifefsr\sphinx5\sphinxtrain\src\libs\libcommon\dtree.c(728): warning C4018: '<' : signed/unsigned mismatch
     1>f:\ifefsr\sphinx5\sphinxtrain\src\libs\libcommon\dtree.c(758): warning C4018: '<' : signed/unsigned mismatch
     1>f:\ifefsr\sphinx5\sphinxtrain\src\libs\libcommon\dtree.c(893): warning C4244: '=' : conversion from 'float64' to 'float32', possible loss of data
     1>f:\ifefsr\sphinx5\sphinxtrain\src\libs\libcommon\dtree.c(920): warning C4244: '=' : conversion from 'float64' to 'float32', possible loss of data
     1>f:\ifefsr\sphinx5\sphinxtrain\src\libs\libcommon\dtree.c(970): warning C4244: '*=' : conversion from 'float64' to 'float32', possible loss of data
     1>f:\ifefsr\sphinx5\sphinxtrain\src\libs\libcommon\dtree.c(1700): warning C4244: 'function' : conversion from 'float64' to 'float32', possible loss of data
         cvt2triphone.c
         ck_seg.c
         best_q.c
     1>f:\ifefsr\sphinx5\sphinxtrain\src\libs\libcommon\best_q.c(199): warning C4244: '*=' : conversion from 'float64' to 'float32', possible loss of data
     1>f:\ifefsr\sphinx5\sphinxtrain\src\libs\libcommon\best_q.c(214): warning C4244: '*=' : conversion from 'float64' to 'float32', possible loss of data
     1>f:\ifefsr\sphinx5\sphinxtrain\src\libs\libcommon\best_q.c(224): warning C4244: '*=' : conversion from 'float64' to 'float32', possible loss of data
     1>f:\ifefsr\sphinx5\sphinxtrain\src\libs\libcommon\best_q.c(226): warning C4244: '=' : conversion from 'float64' to 'float32', possible loss of data
     1>f:\ifefsr\sphinx5\sphinxtrain\src\libs\libcommon\best_q.c(232): warning C4244: '*=' : conversion from 'float64' to 'float32', possible loss of data
     1>f:\ifefsr\sphinx5\sphinxtrain\src\libs\libcommon\best_q.c(234): warning C4244: '=' : conversion from 'float64' to 'float32', possible loss of data
     1>f:\ifefsr\sphinx5\sphinxtrain\src\libs\libcommon\best_q.c(244): warning C4244: 'function' : conversion from 'float64' to 'float32', possible loss of data
     1>f:\ifefsr\sphinx5\sphinxtrain\src\libs\libcommon\best_q.c(245): warning C4244: 'function' : conversion from 'float64' to 'float32', possible loss of data
     1>f:\ifefsr\sphinx5\sphinxtrain\src\libs\libcommon\best_q.c(341): warning C4018: '<' : signed/unsigned mismatch
     1>f:\ifefsr\sphinx5\sphinxtrain\src\libs\libcommon\best_q.c(438): warning C4244: '*=' : conversion from 'float64' to 'float32', possible loss of data
     1>f:\ifefsr\sphinx5\sphinxtrain\src\libs\libcommon\best_q.c(446): warning C4244: '*=' : conversion from 'float64' to 'float32', possible loss of data
     1>f:\ifefsr\sphinx5\sphinxtrain\src\libs\libcommon\best_q.c(448): warning C4244: '=' : conversion from 'float64' to 'float32', possible loss of data
     1>f:\ifefsr\sphinx5\sphinxtrain\src\libs\libcommon\best_q.c(532): warning C4244: '*=' : conversion from 'float64' to 'float32', possible loss of data
     1>f:\ifefsr\sphinx5\sphinxtrain\src\libs\libcommon\best_q.c(539): warning C4244: '*=' : conversion from 'float64' to 'float32', possible loss of data
     1>f:\ifefsr\sphinx5\sphinxtrain\src\libs\libcommon\best_q.c(540): warning C4244: '*=' : conversion from 'float64' to 'float32', possible loss of data
     1>f:\ifefsr\sphinx5\sphinxtrain\src\libs\libcommon\best_q.c(559): warning C4244: '*=' : conversion from 'float64' to 'float32', possible loss of data
     1>f:\ifefsr\sphinx5\sphinxtrain\src\libs\libcommon\best_q.c(566): warning C4244: '*=' : conversion from 'float64' to 'float32', possible loss of data
     1>f:\ifefsr\sphinx5\sphinxtrain\src\libs\libcommon\best_q.c(567): warning C4244: '*=' : conversion from 'float64' to 'float32', possible loss of data
     1>f:\ifefsr\sphinx5\sphinxtrain\src\libs\libcommon\best_q.c(580): warning C4244: 'function' : conversion from 'float64' to 'float32', possible loss of data
     1>f:\ifefsr\sphinx5\sphinxtrain\src\libs\libcommon\best_q.c(581): warning C4244: 'function' : conversion from 'float64' to 'float32', possible loss of data
         acmod_set.c
     1>f:\ifefsr\sphinx5\sphinxtrain\src\libs\libcommon\acmod_set.c(211): warning C4996: 'strdup': The POSIX name for this item is deprecated. Instead, use the ISO C++ conformant name: _strdup. See online help for details.
                 f:\microsoft visual studio 12.0\vc\include\string.h(245) : see declaration of 'strdup'
     1>f:\ifefsr\sphinx5\sphinxtrain\src\libs\libcommon\acmod_set.c(272): warning C4996: 'strdup': The POSIX name for this item is deprecated. Instead, use the ISO C++ conformant name: _strdup. See online help for details.
                 f:\microsoft visual studio 12.0\vc\include\string.h(245) : see declaration of 'strdup'
     1>f:\ifefsr\sphinx5\sphinxtrain\src\libs\libcommon\acmod_set.c(884): warning C4996: 'strdup': The POSIX name for this item is deprecated. Instead, use the ISO C++ conformant name: _strdup. See online help for details.
                 f:\microsoft visual studio 12.0\vc\include\string.h(245) : see declaration of 'strdup'
         Generating Code...
       Lib:
         F:\Microsoft Visual Studio 12.0\VC\bin\Lib.exe /OUT:".\..\..\..\..\lib\Debug\libcommon.lib" sphinxbase.lib /LIBPATH:..\..\..\..\..\sphinxbase\bin\Debug /NOLOGO .\Debug/acmod_set.obj
         .\Debug/best_q.obj
         .\Debug/ck_seg.obj
         .\Debug/cvt2triphone.obj
         .\Debug/dtree.obj
         .\Debug/heap.obj
         .\Debug/itree.obj
         .\Debug/lexicon.obj
         .\Debug/mk_phone_list.obj
         .\Debug/mk_phone_seq.obj
         .\Debug/mk_sseq.obj
         .\Debug/mk_trans_seq.obj
         .\Debug/mk_ts2ci.obj
         .\Debug/quest.obj
         .\Debug/remap.obj
         .\Debug/state_seq.obj
         .\Debug/ts2cb.obj
         .\Debug/vector.obj
         .\Debug/was_added.obj
         libcommon.vcxproj -> F:\IFEFSR\Sphinx5\sphinxtrain\win32\msdev\libs\libcommon\.\..\..\..\..\lib\Debug\libcommon.lib
     1>Done Building Project "F:\IFEFSR\Sphinx5\sphinxtrain\win32\msdev\libs\libcommon\libcommon.vcxproj" (Build target(s)).

Build succeeded.

Time Elapsed 00:00:01.13
